<?xml version="1.0" encoding="UTF-8"?>
<!-- Generated by org.testng.reporters.JUnitReportReporter -->
<testsuite skipped="8" hostname="Admin-PC" name="Demo.SecondTest" tests="10" failures="0" timestamp="01 Mar 2020 12:05:46 GMT" time="32.801" errors="2">
  <testcase name="browser" time="12.837" classname="Demo.SecondTest">
    <error type="org.openqa.selenium.SessionNotCreatedException" message="session not created: This version of ChromeDriver only supports Chrome version 75
Build info: version: &#039;3.4.0&#039;, revision: &#039;unknown&#039;, time: &#039;unknown&#039;
System info: host: &#039;ADMIN-PC&#039;, ip: &#039;192.168.43.238&#039;, os.name: &#039;Windows 7&#039;, os.arch: &#039;amd64&#039;, os.version: &#039;6.1&#039;, java.version: &#039;1.8.0_131&#039;
Driver info: driver.version: ChromeDriver
remote stacktrace: Backtrace:
	Ordinal0 [0x01371B23+1448739]
	Ordinal0 [0x012F5A11+940561]
	Ordinal0 [0x01282293+467603]
	Ordinal0 [0x0121F27E+62078]
	Ordinal0 [0x0121BBBD+48061]
	Ordinal0 [0x01238D19+167193]
	Ordinal0 [0x012388ED+166125]
	Ordinal0 [0x01236FFB+159739]
	Ordinal0 [0x012209F6+68086]
	Ordinal0 [0x01221990+72080]
	Ordinal0 [0x01221929+71977]
	GetHandleVerifier [0x014B2E4C+1172140]
	GetHandleVerifier [0x0140FE35+504469]
	GetHandleVerifier [0x0140FBD0+503856]
	Ordinal0 [0x0137C9A8+1493416]
	GetHandleVerifier [0x0141060A+506474]
	Ordinal0 [0x01307136+1012022]
	Ordinal0 [0x01306FAF+1011631]
	Ordinal0 [0x0131133B+1053499]
	Ordinal0 [0x013114A3+1053859]
	Ordinal0 [0x013104D5+1049813]
	BaseThreadInitThunk [0x765E3677+18]
	RtlInitializeExceptionChain [0x77889D72+99]
	RtlInitializeExceptionChain [0x77889D45+54]
">
      <![CDATA[org.openqa.selenium.SessionNotCreatedException: session not created: This version of ChromeDriver only supports Chrome version 75Build info: version: '3.4.0', revision: 'unknown', time: 'unknown'System info: host: 'ADMIN-PC', ip: '192.168.43.238', os.name: 'Windows 7', os.arch: 'amd64', os.version: '6.1', java.version: '1.8.0_131'Driver info: driver.version: ChromeDriverremote stacktrace: Backtrace:Ordinal0 [0x01371B23+1448739]Ordinal0 [0x012F5A11+940561]Ordinal0 [0x01282293+467603]Ordinal0 [0x0121F27E+62078]Ordinal0 [0x0121BBBD+48061]Ordinal0 [0x01238D19+167193]Ordinal0 [0x012388ED+166125]Ordinal0 [0x01236FFB+159739]Ordinal0 [0x012209F6+68086]Ordinal0 [0x01221990+72080]Ordinal0 [0x01221929+71977]GetHandleVerifier [0x014B2E4C+1172140]GetHandleVerifier [0x0140FE35+504469]GetHandleVerifier [0x0140FBD0+503856]Ordinal0 [0x0137C9A8+1493416]GetHandleVerifier [0x0141060A+506474]Ordinal0 [0x01307136+1012022]Ordinal0 [0x01306FAF+1011631]Ordinal0 [0x0131133B+1053499]Ordinal0 [0x013114A3+1053859]Ordinal0 [0x013104D5+1049813]BaseThreadInitThunk [0x765E3677+18]RtlInitializeExceptionChain [0x77889D72+99]RtlInitializeExceptionChain [0x77889D45+54]at sun.reflect.NativeConstructorAccessorImpl.newInstance0(Native Method)at sun.reflect.NativeConstructorAccessorImpl.newInstance(Unknown Source)at sun.reflect.DelegatingConstructorAccessorImpl.newInstance(Unknown Source)at java.lang.reflect.Constructor.newInstance(Unknown Source)at org.openqa.selenium.remote.W3CHandshakeResponse.lambda$new$0(W3CHandshakeResponse.java:57)at org.openqa.selenium.remote.W3CHandshakeResponse.lambda$getResponseFunction$2(W3CHandshakeResponse.java:104)at org.openqa.selenium.remote.ProtocolHandshake.lambda$createSession$22(ProtocolHandshake.java:365)at java.util.stream.ReferencePipeline$3$1.accept(Unknown Source)at java.util.Spliterators$ArraySpliterator.tryAdvance(Unknown Source)at java.util.stream.ReferencePipeline.forEachWithCancel(Unknown Source)at java.util.stream.AbstractPipeline.copyIntoWithCancel(Unknown Source)at java.util.stream.AbstractPipeline.copyInto(Unknown Source)at java.util.stream.AbstractPipeline.wrapAndCopyInto(Unknown Source)at java.util.stream.FindOps$FindOp.evaluateSequential(Unknown Source)at java.util.stream.AbstractPipeline.evaluate(Unknown Source)at java.util.stream.ReferencePipeline.findFirst(Unknown Source)at org.openqa.selenium.remote.ProtocolHandshake.createSession(ProtocolHandshake.java:368)at org.openqa.selenium.remote.ProtocolHandshake.createSession(ProtocolHandshake.java:159)at org.openqa.selenium.remote.HttpCommandExecutor.execute(HttpCommandExecutor.java:142)at org.openqa.selenium.remote.service.DriverCommandExecutor.execute(DriverCommandExecutor.java:82)at org.openqa.selenium.remote.RemoteWebDriver.execute(RemoteWebDriver.java:637)at org.openqa.selenium.remote.RemoteWebDriver.startSession(RemoteWebDriver.java:250)at org.openqa.selenium.remote.RemoteWebDriver.startSession(RemoteWebDriver.java:236)at org.openqa.selenium.remote.RemoteWebDriver.<init>(RemoteWebDriver.java:137)at org.openqa.selenium.chrome.ChromeDriver.<init>(ChromeDriver.java:184)at org.openqa.selenium.chrome.ChromeDriver.<init>(ChromeDriver.java:171)at org.openqa.selenium.chrome.ChromeDriver.<init>(ChromeDriver.java:124)at Demo.SecondTest.browser(SecondTest.java:23)at sun.reflect.NativeMethodAccessorImpl.invoke0(Native Method)at sun.reflect.NativeMethodAccessorImpl.invoke(Unknown Source)at sun.reflect.DelegatingMethodAccessorImpl.invoke(Unknown Source)at java.lang.reflect.Method.invoke(Unknown Source)at org.testng.internal.MethodInvocationHelper.invokeMethod(MethodInvocationHelper.java:124)at org.testng.internal.MethodInvocationHelper.invokeMethodConsideringTimeout(MethodInvocationHelper.java:59)at org.testng.internal.Invoker.invokeConfigurationMethod(Invoker.java:451)at org.testng.internal.Invoker.invokeConfigurations(Invoker.java:222)at org.testng.internal.Invoker.invokeConfigurations(Invoker.java:142)at org.testng.TestRunner.beforeRun(TestRunner.java:529)at org.testng.TestRunner.run(TestRunner.java:497)at org.testng.SuiteRunner.runTest(SuiteRunner.java:455)at org.testng.SuiteRunner.runSequentially(SuiteRunner.java:450)at org.testng.SuiteRunner.privateRun(SuiteRunner.java:415)at org.testng.SuiteRunner.run(SuiteRunner.java:364)at org.testng.SuiteRunnerWorker.runSuite(SuiteRunnerWorker.java:52)at org.testng.SuiteRunnerWorker.run(SuiteRunnerWorker.java:84)at org.testng.TestNG.runSuitesSequentially(TestNG.java:1187)at org.testng.TestNG.runSuitesLocally(TestNG.java:1116)at org.testng.TestNG.runSuites(TestNG.java:1028)at org.testng.TestNG.run(TestNG.java:996)at org.testng.remote.AbstractRemoteTestNG.run(AbstractRemoteTestNG.java:114)at org.testng.remote.RemoteTestNG.initAndRun(RemoteTestNG.java:251)at org.testng.remote.RemoteTestNG.main(RemoteTestNG.java:77)]]>
    </error>
  </testcase> <!-- browser -->
  <testcase name="pass" time="0.000" classname="Demo.SecondTest">
    <skipped/>
  </testcase> <!-- pass -->
  <testcase name="Openemail" time="0.000" classname="Demo.SecondTest">
    <skipped/>
  </testcase> <!-- Openemail -->
  <testcase name="LaunchApp" time="0.000" classname="Demo.SecondTest">
    <skipped/>
  </testcase> <!-- LaunchApp -->
  <testcase name="Openemail" time="0.000" classname="Demo.SecondTest">
    <skipped/>
  </testcase> <!-- Openemail -->
  <testcase name="Email" time="0.000" classname="Demo.SecondTest">
    <skipped/>
  </testcase> <!-- Email -->
  <testcase name="LaunchApp" time="0.000" classname="Demo.SecondTest">
    <skipped/>
  </testcase> <!-- LaunchApp -->
  <testcase name="pass" time="0.000" classname="Demo.SecondTest">
    <skipped/>
  </testcase> <!-- pass -->
  <testcase name="browser" time="19.964" classname="Demo.SecondTest">
    <error type="org.openqa.selenium.SessionNotCreatedException" message="session not created: This version of ChromeDriver only supports Chrome version 75
Build info: version: &#039;3.4.0&#039;, revision: &#039;unknown&#039;, time: &#039;unknown&#039;
System info: host: &#039;ADMIN-PC&#039;, ip: &#039;192.168.43.238&#039;, os.name: &#039;Windows 7&#039;, os.arch: &#039;amd64&#039;, os.version: &#039;6.1&#039;, java.version: &#039;1.8.0_131&#039;
Driver info: driver.version: ChromeDriver
remote stacktrace: Backtrace:
	Ordinal0 [0x01371B23+1448739]
	Ordinal0 [0x012F5A11+940561]
	Ordinal0 [0x01282293+467603]
	Ordinal0 [0x0121F27E+62078]
	Ordinal0 [0x0121BBBD+48061]
	Ordinal0 [0x01238D19+167193]
	Ordinal0 [0x012388ED+166125]
	Ordinal0 [0x01236FFB+159739]
	Ordinal0 [0x012209F6+68086]
	Ordinal0 [0x01221990+72080]
	Ordinal0 [0x01221929+71977]
	GetHandleVerifier [0x014B2E4C+1172140]
	GetHandleVerifier [0x0140FE35+504469]
	GetHandleVerifier [0x0140FBD0+503856]
	Ordinal0 [0x0137C9A8+1493416]
	GetHandleVerifier [0x0141060A+506474]
	Ordinal0 [0x01307136+1012022]
	Ordinal0 [0x01306FAF+1011631]
	Ordinal0 [0x0131133B+1053499]
	Ordinal0 [0x013114A3+1053859]
	Ordinal0 [0x013104D5+1049813]
	BaseThreadInitThunk [0x765E3677+18]
	RtlInitializeExceptionChain [0x77889D72+99]
	RtlInitializeExceptionChain [0x77889D45+54]
">
      <![CDATA[org.openqa.selenium.SessionNotCreatedException: session not created: This version of ChromeDriver only supports Chrome version 75Build info: version: '3.4.0', revision: 'unknown', time: 'unknown'System info: host: 'ADMIN-PC', ip: '192.168.43.238', os.name: 'Windows 7', os.arch: 'amd64', os.version: '6.1', java.version: '1.8.0_131'Driver info: driver.version: ChromeDriverremote stacktrace: Backtrace:Ordinal0 [0x01371B23+1448739]Ordinal0 [0x012F5A11+940561]Ordinal0 [0x01282293+467603]Ordinal0 [0x0121F27E+62078]Ordinal0 [0x0121BBBD+48061]Ordinal0 [0x01238D19+167193]Ordinal0 [0x012388ED+166125]Ordinal0 [0x01236FFB+159739]Ordinal0 [0x012209F6+68086]Ordinal0 [0x01221990+72080]Ordinal0 [0x01221929+71977]GetHandleVerifier [0x014B2E4C+1172140]GetHandleVerifier [0x0140FE35+504469]GetHandleVerifier [0x0140FBD0+503856]Ordinal0 [0x0137C9A8+1493416]GetHandleVerifier [0x0141060A+506474]Ordinal0 [0x01307136+1012022]Ordinal0 [0x01306FAF+1011631]Ordinal0 [0x0131133B+1053499]Ordinal0 [0x013114A3+1053859]Ordinal0 [0x013104D5+1049813]BaseThreadInitThunk [0x765E3677+18]RtlInitializeExceptionChain [0x77889D72+99]RtlInitializeExceptionChain [0x77889D45+54]at sun.reflect.NativeConstructorAccessorImpl.newInstance0(Native Method)at sun.reflect.NativeConstructorAccessorImpl.newInstance(Unknown Source)at sun.reflect.DelegatingConstructorAccessorImpl.newInstance(Unknown Source)at java.lang.reflect.Constructor.newInstance(Unknown Source)at org.openqa.selenium.remote.W3CHandshakeResponse.lambda$new$0(W3CHandshakeResponse.java:57)at org.openqa.selenium.remote.W3CHandshakeResponse.lambda$getResponseFunction$2(W3CHandshakeResponse.java:104)at org.openqa.selenium.remote.ProtocolHandshake.lambda$createSession$22(ProtocolHandshake.java:365)at java.util.stream.ReferencePipeline$3$1.accept(Unknown Source)at java.util.Spliterators$ArraySpliterator.tryAdvance(Unknown Source)at java.util.stream.ReferencePipeline.forEachWithCancel(Unknown Source)at java.util.stream.AbstractPipeline.copyIntoWithCancel(Unknown Source)at java.util.stream.AbstractPipeline.copyInto(Unknown Source)at java.util.stream.AbstractPipeline.wrapAndCopyInto(Unknown Source)at java.util.stream.FindOps$FindOp.evaluateSequential(Unknown Source)at java.util.stream.AbstractPipeline.evaluate(Unknown Source)at java.util.stream.ReferencePipeline.findFirst(Unknown Source)at org.openqa.selenium.remote.ProtocolHandshake.createSession(ProtocolHandshake.java:368)at org.openqa.selenium.remote.ProtocolHandshake.createSession(ProtocolHandshake.java:159)at org.openqa.selenium.remote.HttpCommandExecutor.execute(HttpCommandExecutor.java:142)at org.openqa.selenium.remote.service.DriverCommandExecutor.execute(DriverCommandExecutor.java:82)at org.openqa.selenium.remote.RemoteWebDriver.execute(RemoteWebDriver.java:637)at org.openqa.selenium.remote.RemoteWebDriver.startSession(RemoteWebDriver.java:250)at org.openqa.selenium.remote.RemoteWebDriver.startSession(RemoteWebDriver.java:236)at org.openqa.selenium.remote.RemoteWebDriver.<init>(RemoteWebDriver.java:137)at org.openqa.selenium.chrome.ChromeDriver.<init>(ChromeDriver.java:184)at org.openqa.selenium.chrome.ChromeDriver.<init>(ChromeDriver.java:171)at org.openqa.selenium.chrome.ChromeDriver.<init>(ChromeDriver.java:124)at Demo.SecondTest.browser(SecondTest.java:23)at sun.reflect.NativeMethodAccessorImpl.invoke0(Native Method)at sun.reflect.NativeMethodAccessorImpl.invoke(Unknown Source)at sun.reflect.DelegatingMethodAccessorImpl.invoke(Unknown Source)at java.lang.reflect.Method.invoke(Unknown Source)at org.testng.internal.MethodInvocationHelper.invokeMethod(MethodInvocationHelper.java:124)at org.testng.internal.MethodInvocationHelper.invokeMethodConsideringTimeout(MethodInvocationHelper.java:59)at org.testng.internal.Invoker.invokeConfigurationMethod(Invoker.java:451)at org.testng.internal.Invoker.invokeConfigurations(Invoker.java:222)at org.testng.internal.Invoker.invokeConfigurations(Invoker.java:142)at org.testng.TestRunner.beforeRun(TestRunner.java:529)at org.testng.TestRunner.run(TestRunner.java:497)at org.testng.SuiteRunner.runTest(SuiteRunner.java:455)at org.testng.SuiteRunner.runSequentially(SuiteRunner.java:450)at org.testng.SuiteRunner.privateRun(SuiteRunner.java:415)at org.testng.SuiteRunner.run(SuiteRunner.java:364)at org.testng.SuiteRunnerWorker.runSuite(SuiteRunnerWorker.java:52)at org.testng.SuiteRunnerWorker.run(SuiteRunnerWorker.java:84)at org.testng.TestNG.runSuitesSequentially(TestNG.java:1187)at org.testng.TestNG.runSuitesLocally(TestNG.java:1116)at org.testng.TestNG.runSuites(TestNG.java:1028)at org.testng.TestNG.run(TestNG.java:996)at org.testng.remote.AbstractRemoteTestNG.run(AbstractRemoteTestNG.java:114)at org.testng.remote.RemoteTestNG.initAndRun(RemoteTestNG.java:251)at org.testng.remote.RemoteTestNG.main(RemoteTestNG.java:77)]]>
    </error>
  </testcase> <!-- browser -->
  <testcase name="Email" time="0.000" classname="Demo.SecondTest">
    <skipped/>
  </testcase> <!-- Email -->
</testsuite> <!-- Demo.SecondTest -->
